<?xml version="1.0" encoding="UTF-8"?>
<!-- Generated by org.testng.reporters.JUnitReportReporter -->
<testsuite hostname="DESKTOP-9D80ITT" failures="0" tests="12" name="com.iTunes.Runner.TestRunner" time="4.642" errors="0" timestamp="18 Sep 2023 10:35:27 GMT" skipped="0">
  <testcase classname="com.iTunes.Runner.TestRunner" name="runScenario" time="0.125"/>
  <testcase classname="com.iTunes.Runner.TestRunner" name="runScenario" time="0.175"/>
  <testcase classname="com.iTunes.Runner.TestRunner" name="runScenario" time="0.108"/>
  <testcase classname="com.iTunes.Runner.TestRunner" name="runScenario" time="0.151"/>
  <testcase classname="com.iTunes.Runner.TestRunner" name="runScenario" time="0.116"/>
  <testcase classname="com.iTunes.Runner.TestRunner" name="runScenario" time="0.175"/>
  <testcase classname="com.iTunes.Runner.TestRunner" name="runScenario" time="0.142"/>
  <testcase classname="com.iTunes.Runner.TestRunner" name="runScenario" time="0.223"/>
  <testcase classname="com.iTunes.Runner.TestRunner" name="runScenario" time="0.127"/>
  <testcase classname="com.iTunes.Runner.TestRunner" name="runScenario" time="0.129"/>
  <testcase classname="com.iTunes.Runner.TestRunner" name="runScenario" time="0.156"/>
  <testcase classname="com.iTunes.Runner.TestRunner" name="runScenario" time="3.015"/>
</testsuite> <!-- com.iTunes.Runner.TestRunner -->
